<?xml version="1.0" encoding="UTF-8"?>
<!-- Generated by org.testng.reporters.JUnitReportReporter -->
<testsuite hostname="U_Nando" name="com.joormessage.tests.SendMessageTest2" tests="1" failures="0" timestamp="8 Feb 2017 03:42:29 GMT" time="10.255" errors="0">
  <testcase name="f" time="10.255" classname="com.joormessage.tests.SendMessageTest2"/>
</testsuite> <!-- com.joormessage.tests.SendMessageTest2 -->
