<?xml version="1.0" encoding="UTF-8"?>
<!-- Generated by org.testng.reporters.JUnitReportReporter -->
<testsuite hostname="U_Nando" name="com.joormessage.tests.SendMessageTest" tests="1" failures="0" timestamp="9 Feb 2017 04:31:52 GMT" time="24.810" errors="0">
  <testcase name="sendMessageToAllConnectins" time="24.810" classname="com.joormessage.tests.SendMessageTest"/>
</testsuite> <!-- com.joormessage.tests.SendMessageTest -->
