<?xml version="1.0" encoding="UTF-8"?>
<!-- Generated by org.testng.reporters.JUnitReportReporter -->
<testsuite hostname="U_Nando" name="com.joormessage.tests.SendMessageToAllTest" tests="1" failures="0" timestamp="9 Feb 2017 05:31:25 GMT" time="30.135" errors="0">
  <testcase name="sendMessageToAllConnectins" time="30.135" classname="com.joormessage.tests.SendMessageToAllTest"/>
</testsuite> <!-- com.joormessage.tests.SendMessageToAllTest -->
